<?xml version="1.0" encoding="UTF-8"?>
<!-- Generated by org.testng.reporters.JUnitXMLReporter -->
<testsuite ignored="4" hostname="DESKTOP-NVASLPQ" failures="0" tests="0" time="0.015" errors="0" timestamp="30 Dec 2021 12:39:01 GMT">
  <testcase classname="dummyconmodule.dummycreateconTest" name="dummycreateconwithorgTest" time="0.0">
    <ignored/>
  </testcase> <!-- dummycreateconwithorgTest -->
  <testcase classname="dummyorgmodule.dummycreateorgTest" name="dummycreateorgwithconTest" time="0.0">
    <ignored/>
  </testcase> <!-- dummycreateorgwithconTest -->
  <testcase classname="dummyconmodule.dummycreateconTest" name="dummycreatelnameTest" time="0.0">
    <ignored/>
  </testcase> <!-- dummycreatelnameTest -->
  <testcase classname="dummyorgmodule.dummycreateorgTest" name="dummycreatelnameTest" time="0.0">
    <ignored/>
  </testcase> <!-- dummycreatelnameTest -->
</testsuite>
