<?xml version="1.0" encoding="UTF-8"?>
<testng-results ignored="0" total="1" passed="1" failed="0" skipped="0">
  <reporter-output>
  </reporter-output>
  <suite started-at="2021-12-30T12:44:08Z" name="Default suite" finished-at="2021-12-30T12:44:15Z" duration-ms="7685">
    <groups>
    </groups>
    <test started-at="2021-12-30T12:44:08Z" name="Default test" finished-at="2021-12-30T12:44:15Z" duration-ms="7685">
      <class name="dummybrowser.Launchingbrowser">
        <test-method signature="launchingbrowser()[pri:0, instance:dummybrowser.Launchingbrowser@68f4865]" started-at="2021-12-30T12:44:08Z" name="launchingbrowser" finished-at="2021-12-30T12:44:15Z" duration-ms="7625" status="PASS">
          <reporter-output>
          </reporter-output>
        </test-method> <!-- launchingbrowser -->
      </class> <!-- dummybrowser.Launchingbrowser -->
    </test> <!-- Default test -->
  </suite> <!-- Default suite -->
</testng-results>
